<?xml version="1.0" encoding="UTF-8"?>
<!-- Generated by org.testng.reporters.JUnitReportReporter -->
<testsuite hostname="DESKTOP-EQTMKEK" failures="0" tests="1" name="Project001.MavenLab.HandlingCaptcha" time="3.221" errors="0" timestamp="2023-01-05T09:20:30 EST" skipped="0">
  <testcase classname="Project001.MavenLab.HandlingCaptcha" name="handlingcaptcha" time="3.221"/>
  <system-out/>
</testsuite> <!-- Project001.MavenLab.HandlingCaptcha -->
