<?xml version="1.0" encoding="UTF-8"?>
<!-- Generated by org.testng.reporters.JUnitReportReporter -->
<testsuite hostname="DESKTOP-EQTMKEK" failures="0" tests="1" name="Project001.MavenLab.HandlingCaptcha1" time="4.792" errors="0" timestamp="2023-01-02T09:11:40 EST" skipped="0">
  <testcase classname="Project001.MavenLab.HandlingCaptcha1" name="handlingcaptcha1" time="4.792"/>
  <system-out/>
</testsuite> <!-- Project001.MavenLab.HandlingCaptcha1 -->
