<?xml version="1.0" encoding="UTF-8"?>
<!-- Generated by org.testng.reporters.JUnitReportReporter -->
<testsuite hostname="DESKTOP-EQTMKEK" failures="0" tests="1" name="Project001.MavenLab.DragAndDrop" time="9.026" errors="0" timestamp="2023-01-05T09:20:30 EST" skipped="0">
  <testcase classname="Project001.MavenLab.DragAndDrop" name="dragdrop" time="9.026"/>
  <system-out/>
</testsuite> <!-- Project001.MavenLab.DragAndDrop -->
