<?xml version="1.0" encoding="UTF-8"?>
<!-- Generated by org.testng.reporters.JUnitReportReporter -->
<testsuite hostname="DESKTOP-EQTMKEK" failures="0" tests="1" name="Project001.MavenLab.DragAndDrop" time="8.394" errors="0" timestamp="2023-01-04T10:36:55 EST" skipped="0">
  <testcase classname="Project001.MavenLab.DragAndDrop" name="dragdrop" time="8.394"/>
  <system-out/>
</testsuite> <!-- Project001.MavenLab.DragAndDrop -->
