<?xml version="1.0" encoding="UTF-8"?>
<!-- Generated by org.testng.reporters.JUnitReportReporter -->
<testsuite hostname="DESKTOP-EQTMKEK" failures="0" tests="1" name="Project001.MavenLab.SwitchingWindows" time="4.291" errors="0" timestamp="2023-01-04T10:36:55 EST" skipped="0">
  <testcase classname="Project001.MavenLab.SwitchingWindows" name="switchingwindows" time="4.291"/>
  <system-out/>
</testsuite> <!-- Project001.MavenLab.SwitchingWindows -->
